0 info it worked if it ends with ok
1 verbose cli [ 'C:\\nodejs\\node.exe',
1 verbose cli   'C:\\Users\\martin\\.node_modules_global\\node_modules\\npm\\bin\\npm-cli.js',
1 verbose cli   'install' ]
2 info using npm@2.5.0
3 info using node@v4.2.3
4 verbose install where, deps [ 'C:\\Users\\martin\\Workspaces\\bindie',
4 verbose install   [ 'body-parser',
4 verbose install     'cookie-parser',
4 verbose install     'debug',
4 verbose install     'ejs',
4 verbose install     'express',
4 verbose install     'express-session',
4 verbose install     'mongoose',
4 verbose install     'morgan',
4 verbose install     'serve-favicon',
4 verbose install     'bcrypt' ] ]
5 verbose install where, peers [ 'C:\\Users\\martin\\Workspaces\\bindie', [] ]
6 info preinstall bindie@0.0.1
7 verbose already installed skipping debug@~2.2.0 C:\Users\martin\Workspaces\bindie
8 verbose already installed skipping ejs@~2.3.3 C:\Users\martin\Workspaces\bindie
9 verbose already installed skipping express@~4.13.1 C:\Users\martin\Workspaces\bindie
10 verbose already installed skipping express-session@^1.13.0 C:\Users\martin\Workspaces\bindie
11 verbose already installed skipping mongoose@^4.5.0 C:\Users\martin\Workspaces\bindie
12 verbose already installed skipping morgan@~1.6.1 C:\Users\martin\Workspaces\bindie
13 verbose already installed skipping serve-favicon@~2.3.0 C:\Users\martin\Workspaces\bindie
14 silly cache add args [ 'bcrypt@0.7.3', null ]
15 verbose cache add spec bcrypt@0.7.3
16 silly cache add parsed spec Result {
16 silly cache add   raw: 'bcrypt@0.7.3',
16 silly cache add   scope: null,
16 silly cache add   name: 'bcrypt',
16 silly cache add   rawSpec: '0.7.3',
16 silly cache add   spec: '0.7.3',
16 silly cache add   type: 'version' }
17 verbose addNamed bcrypt@0.7.3
18 silly addNamed semver.valid 0.7.3
19 silly addNamed semver.validRange 0.7.3
20 silly mapToRegistry name bcrypt
21 silly mapToRegistry using default registry
22 silly mapToRegistry registry https://registry.npmjs.org/
23 silly mapToRegistry uri https://registry.npmjs.org/bcrypt
24 verbose addNameVersion registry:https://registry.npmjs.org/bcrypt not in flight; fetching
25 verbose already installed skipping body-parser@~1.13.2 C:\Users\martin\Workspaces\bindie
26 verbose already installed skipping cookie-parser@~1.3.5 C:\Users\martin\Workspaces\bindie
27 verbose request uri https://registry.npmjs.org/bcrypt
28 verbose request no auth needed
29 info attempt registry request try #1 at 11:54:30 PM
30 verbose request id 2a34c99f1ec99003
31 verbose etag "7RZPOANAEOCJKR9JQU6SAU1FT"
32 http request GET https://registry.npmjs.org/bcrypt
33 http 304 https://registry.npmjs.org/bcrypt
34 silly get cb [ 304,
34 silly get   { date: 'Thu, 16 Jun 2016 02:54:29 GMT',
34 silly get     via: '1.1 varnish',
34 silly get     'cache-control': 'max-age=300',
34 silly get     etag: '"7RZPOANAEOCJKR9JQU6SAU1FT"',
34 silly get     age: '149',
34 silly get     connection: 'keep-alive',
34 silly get     'x-served-by': 'cache-jfk1050-JFK',
34 silly get     'x-cache': 'HIT',
34 silly get     'x-cache-hits': '1',
34 silly get     'x-timer': 'S1466045669.459637,VS0,VE0',
34 silly get     vary: 'Accept-Encoding' } ]
35 verbose etag https://registry.npmjs.org/bcrypt from cache
36 verbose get saving bcrypt to C:\Users\martin\AppData\Roaming\npm-cache\registry.npmjs.org\bcrypt\.cache.json
37 silly mapToRegistry name bcrypt
38 silly mapToRegistry using default registry
39 silly mapToRegistry registry https://registry.npmjs.org/
40 silly mapToRegistry uri https://registry.npmjs.org/bcrypt
41 verbose addRemoteTarball https://registry.npmjs.org/bcrypt/-/bcrypt-0.7.3.tgz not in flight; adding
42 verbose addRemoteTarball [ 'https://registry.npmjs.org/bcrypt/-/bcrypt-0.7.3.tgz',
42 verbose addRemoteTarball   '7523db1fdd8b0bda337bade63b5b90a7ee9c448a' ]
43 info retry fetch attempt 1 at 11:54:31 PM
44 info attempt registry request try #1 at 11:54:31 PM
45 http fetch GET https://registry.npmjs.org/bcrypt/-/bcrypt-0.7.3.tgz
46 http fetch 200 https://registry.npmjs.org/bcrypt/-/bcrypt-0.7.3.tgz
47 silly fetchAndShaCheck shasum 7523db1fdd8b0bda337bade63b5b90a7ee9c448a
48 verbose addTmpTarball C:\Users\martin\AppData\Local\Temp\npm-7176-0b75683d\registry.npmjs.org\bcrypt\-\bcrypt-0.7.3.tgz not in flight; adding
49 verbose addTmpTarball already have metadata; skipping unpack for bcrypt@0.7.3
50 silly cache afterAdd bcrypt@0.7.3
51 verbose afterAdd C:\Users\martin\AppData\Roaming\npm-cache\bcrypt\0.7.3\package\package.json not in flight; writing
52 verbose afterAdd C:\Users\martin\AppData\Roaming\npm-cache\bcrypt\0.7.3\package\package.json written
53 silly install resolved [ { name: 'bcrypt',
53 silly install resolved     description: 'A bcrypt library for NodeJS.',
53 silly install resolved     keywords:
53 silly install resolved      [ 'bcrypt',
53 silly install resolved        'password',
53 silly install resolved        'auth',
53 silly install resolved        'authentication',
53 silly install resolved        'encryption',
53 silly install resolved        'crypt',
53 silly install resolved        'crypto' ],
53 silly install resolved     main: './bcrypt',
53 silly install resolved     version: '0.7.3',
53 silly install resolved     author: { name: 'Nick Campbell', url: 'http://github.com/ncb000gt' },
53 silly install resolved     engines: { node: '>= 0.6.0' },
53 silly install resolved     repository:
53 silly install resolved      { type: 'git',
53 silly install resolved        url: 'http://github.com/ncb000gt/node.bcrypt.js.git' },
53 silly install resolved     licenses: [ [Object] ],
53 silly install resolved     bugs: { url: 'http://github.com/ncb000gt/node.bcrypt.js/issues' },
53 silly install resolved     scripts:
53 silly install resolved      { test: 'node-gyp configure build && nodeunit test',
53 silly install resolved        install: 'node-gyp rebuild' },
53 silly install resolved     dependencies: { bindings: '1.0.0' },
53 silly install resolved     devDependencies: { nodeunit: '>=0.6.4' },
53 silly install resolved     contributors:
53 silly install resolved      [ [Object],
53 silly install resolved        [Object],
53 silly install resolved        [Object],
53 silly install resolved        [Object],
53 silly install resolved        [Object],
53 silly install resolved        [Object],
53 silly install resolved        [Object],
53 silly install resolved        [Object],
53 silly install resolved        [Object],
53 silly install resolved        [Object],
53 silly install resolved        [Object],
53 silly install resolved        [Object],
53 silly install resolved        [Object],
53 silly install resolved        [Object] ],
53 silly install resolved     gypfile: true,
53 silly install resolved     _id: 'bcrypt@0.7.3',
53 silly install resolved     dist:
53 silly install resolved      { shasum: '7523db1fdd8b0bda337bade63b5b90a7ee9c448a',
53 silly install resolved        tarball: 'https://registry.npmjs.org/bcrypt/-/bcrypt-0.7.3.tgz' },
53 silly install resolved     _npmVersion: '1.1.65',
53 silly install resolved     _npmUser: { name: 'shtylman', email: 'shtylman@gmail.com' },
53 silly install resolved     maintainers: [ [Object], [Object], [Object] ],
53 silly install resolved     directories: {},
53 silly install resolved     _shasum: '7523db1fdd8b0bda337bade63b5b90a7ee9c448a',
53 silly install resolved     _resolved: 'https://registry.npmjs.org/bcrypt/-/bcrypt-0.7.3.tgz',
53 silly install resolved     _from: 'bcrypt@0.7.3' } ]
54 info install bcrypt@0.7.3 into C:\Users\martin\Workspaces\bindie
55 info installOne bcrypt@0.7.3
56 verbose installOne of bcrypt to C:\Users\martin\Workspaces\bindie not in flight; installing
57 verbose lock using C:\Users\martin\AppData\Roaming\npm-cache\_locks\bcrypt-396b6ba8e3122a0f.lock for C:\Users\martin\Workspaces\bindie\node_modules\bcrypt
58 silly install write writing bcrypt 0.7.3 to C:\Users\martin\Workspaces\bindie\node_modules\bcrypt
59 silly cache addNamed cb bcrypt@0.7.3
60 verbose unbuild node_modules\bcrypt
61 verbose gentlyRm vacuuming C:\Users\martin\Workspaces\bindie\node_modules\bcrypt
62 verbose tar unpack C:\Users\martin\AppData\Roaming\npm-cache\bcrypt\0.7.3\package.tgz
63 verbose tar unpacking to C:\Users\martin\Workspaces\bindie\node_modules\bcrypt
64 verbose gentlyRm vacuuming C:\Users\martin\Workspaces\bindie\node_modules\bcrypt
65 silly gunzTarPerm modes [ '777', '666' ]
66 silly gunzTarPerm extractEntry package.json
67 silly gunzTarPerm modified mode [ 'package.json', 420, 438 ]
68 silly gunzTarPerm extractEntry .npmignore
69 silly gunzTarPerm modified mode [ '.npmignore', 420, 438 ]
70 silly gunzTarPerm extractEntry README.md
71 silly gunzTarPerm modified mode [ 'README.md', 420, 438 ]
72 silly gunzTarPerm extractEntry LICENSE
73 silly gunzTarPerm modified mode [ 'LICENSE', 420, 438 ]
74 silly gunzTarPerm extractEntry bcrypt.js
75 silly gunzTarPerm modified mode [ 'bcrypt.js', 420, 438 ]
76 silly gunzTarPerm extractEntry .travis.yml
77 silly gunzTarPerm modified mode [ '.travis.yml', 420, 438 ]
78 silly gunzTarPerm extractEntry src/node_blf.h
79 silly gunzTarPerm modified mode [ 'src/node_blf.h', 420, 438 ]
80 silly gunzTarPerm extractEntry src/bcrypt.cc
81 silly gunzTarPerm modified mode [ 'src/bcrypt.cc', 420, 438 ]
82 silly gunzTarPerm extractEntry src/bcrypt_node.cc
83 silly gunzTarPerm modified mode [ 'src/bcrypt_node.cc', 420, 438 ]
84 silly gunzTarPerm extractEntry src/blowfish.cc
85 silly gunzTarPerm modified mode [ 'src/blowfish.cc', 420, 438 ]
86 silly gunzTarPerm extractEntry examples/async_compare.js
87 silly gunzTarPerm modified mode [ 'examples/async_compare.js', 420, 438 ]
88 silly gunzTarPerm extractEntry examples/forever_gen_salt.js
89 silly gunzTarPerm modified mode [ 'examples/forever_gen_salt.js', 420, 438 ]
90 silly gunzTarPerm extractEntry wscript
91 silly gunzTarPerm modified mode [ 'wscript', 420, 438 ]
92 silly gunzTarPerm extractEntry CHANGELOG
93 silly gunzTarPerm modified mode [ 'CHANGELOG', 420, 438 ]
94 silly gunzTarPerm extractEntry Makefile
95 silly gunzTarPerm modified mode [ 'Makefile', 420, 438 ]
96 silly gunzTarPerm extractEntry binding.gyp
97 silly gunzTarPerm modified mode [ 'binding.gyp', 420, 438 ]
98 silly gunzTarPerm extractEntry test/async.js
99 silly gunzTarPerm modified mode [ 'test/async.js', 420, 438 ]
100 silly gunzTarPerm extractEntry test/repetitions.js
101 silly gunzTarPerm modified mode [ 'test/repetitions.js', 420, 438 ]
102 silly gunzTarPerm extractEntry test/sync.js
103 silly gunzTarPerm modified mode [ 'test/sync.js', 420, 438 ]
104 silly gunzTarPerm extractEntry test/deprecated.js
105 silly gunzTarPerm modified mode [ 'test/deprecated.js', 420, 438 ]
106 info preinstall bcrypt@0.7.3
107 silly prepareForInstallMany adding bindings@1.0.0 from bcrypt dependencies
108 silly cache add args [ 'bindings@1.0.0', null ]
109 verbose cache add spec bindings@1.0.0
110 silly cache add parsed spec Result {
110 silly cache add   raw: 'bindings@1.0.0',
110 silly cache add   scope: null,
110 silly cache add   name: 'bindings',
110 silly cache add   rawSpec: '1.0.0',
110 silly cache add   spec: '1.0.0',
110 silly cache add   type: 'version' }
111 verbose addNamed bindings@1.0.0
112 silly addNamed semver.valid 1.0.0
113 silly addNamed semver.validRange 1.0.0
114 silly mapToRegistry name bindings
115 silly mapToRegistry using default registry
116 silly mapToRegistry registry https://registry.npmjs.org/
117 silly mapToRegistry uri https://registry.npmjs.org/bindings
118 verbose addNameVersion registry:https://registry.npmjs.org/bindings not in flight; fetching
119 verbose request uri https://registry.npmjs.org/bindings
120 verbose request no auth needed
121 info attempt registry request try #1 at 11:54:34 PM
122 verbose etag "33TX4J3DNTGF7K41ZUV6OA182"
123 http request GET https://registry.npmjs.org/bindings
124 http 304 https://registry.npmjs.org/bindings
125 silly get cb [ 304,
125 silly get   { date: 'Thu, 16 Jun 2016 02:54:33 GMT',
125 silly get     via: '1.1 varnish',
125 silly get     'cache-control': 'max-age=300',
125 silly get     etag: '"33TX4J3DNTGF7K41ZUV6OA182"',
125 silly get     age: '211',
125 silly get     connection: 'keep-alive',
125 silly get     'x-served-by': 'cache-atl6247-ATL',
125 silly get     'x-cache': 'HIT',
125 silly get     'x-cache-hits': '1',
125 silly get     'x-timer': 'S1466045673.198013,VS0,VE0',
125 silly get     vary: 'Accept-Encoding' } ]
126 verbose etag https://registry.npmjs.org/bindings from cache
127 verbose get saving bindings to C:\Users\martin\AppData\Roaming\npm-cache\registry.npmjs.org\bindings\.cache.json
128 silly mapToRegistry name bindings
129 silly mapToRegistry using default registry
130 silly mapToRegistry registry https://registry.npmjs.org/
131 silly mapToRegistry uri https://registry.npmjs.org/bindings
132 verbose addRemoteTarball https://registry.npmjs.org/bindings/-/bindings-1.0.0.tgz not in flight; adding
133 verbose addRemoteTarball [ 'https://registry.npmjs.org/bindings/-/bindings-1.0.0.tgz',
133 verbose addRemoteTarball   'c3ccde60e9de6807c6f1aa4ef4843af29191c828' ]
134 info retry fetch attempt 1 at 11:54:35 PM
135 info attempt registry request try #1 at 11:54:35 PM
136 http fetch GET https://registry.npmjs.org/bindings/-/bindings-1.0.0.tgz
137 http fetch 200 https://registry.npmjs.org/bindings/-/bindings-1.0.0.tgz
138 silly fetchAndShaCheck shasum c3ccde60e9de6807c6f1aa4ef4843af29191c828
139 verbose addTmpTarball C:\Users\martin\AppData\Local\Temp\npm-7176-0b75683d\registry.npmjs.org\bindings\-\bindings-1.0.0.tgz not in flight; adding
140 verbose addTmpTarball already have metadata; skipping unpack for bindings@1.0.0
141 silly cache afterAdd bindings@1.0.0
142 verbose afterAdd C:\Users\martin\AppData\Roaming\npm-cache\bindings\1.0.0\package\package.json not in flight; writing
143 verbose afterAdd C:\Users\martin\AppData\Roaming\npm-cache\bindings\1.0.0\package\package.json written
144 silly install resolved [ { name: 'bindings',
144 silly install resolved     description: 'Helper module for loading your native module\'s .node file',
144 silly install resolved     keywords: [ 'native', 'addon', 'bindings', 'gyp', 'waf', 'c', 'c++' ],
144 silly install resolved     version: '1.0.0',
144 silly install resolved     author:
144 silly install resolved      { name: 'Nathan Rajlich',
144 silly install resolved        email: 'nathan@tootallnate.net',
144 silly install resolved        url: 'http://tootallnate.net' },
144 silly install resolved     repository:
144 silly install resolved      { type: 'git',
144 silly install resolved        url: 'git://github.com/TooTallNate/node-bindings.git' },
144 silly install resolved     main: './bindings.js',
144 silly install resolved     _id: 'bindings@1.0.0',
144 silly install resolved     dist:
144 silly install resolved      { shasum: 'c3ccde60e9de6807c6f1aa4ef4843af29191c828',
144 silly install resolved        tarball: 'https://registry.npmjs.org/bindings/-/bindings-1.0.0.tgz' },
144 silly install resolved     maintainers: [ [Object], [Object] ],
144 silly install resolved     directories: {},
144 silly install resolved     _shasum: 'c3ccde60e9de6807c6f1aa4ef4843af29191c828',
144 silly install resolved     _resolved: 'https://registry.npmjs.org/bindings/-/bindings-1.0.0.tgz',
144 silly install resolved     _from: 'bindings@1.0.0' } ]
145 info install bindings@1.0.0 into C:\Users\martin\Workspaces\bindie\node_modules\bcrypt
146 info installOne bindings@1.0.0
147 verbose installOne of bindings to C:\Users\martin\Workspaces\bindie\node_modules\bcrypt not in flight; installing
148 verbose lock using C:\Users\martin\AppData\Roaming\npm-cache\_locks\bindings-8c223044d0be4a03.lock for C:\Users\martin\Workspaces\bindie\node_modules\bcrypt\node_modules\bindings
149 silly install write writing bindings 1.0.0 to C:\Users\martin\Workspaces\bindie\node_modules\bcrypt\node_modules\bindings
150 silly cache addNamed cb bindings@1.0.0
151 verbose unbuild node_modules\bcrypt\node_modules\bindings
152 verbose gentlyRm vacuuming C:\Users\martin\Workspaces\bindie\node_modules\bcrypt\node_modules\bindings
153 verbose tar unpack C:\Users\martin\AppData\Roaming\npm-cache\bindings\1.0.0\package.tgz
154 verbose tar unpacking to C:\Users\martin\Workspaces\bindie\node_modules\bcrypt\node_modules\bindings
155 verbose gentlyRm vacuuming C:\Users\martin\Workspaces\bindie\node_modules\bcrypt\node_modules\bindings
156 silly gunzTarPerm modes [ '777', '666' ]
157 silly gunzTarPerm extractEntry package.json
158 silly gunzTarPerm modified mode [ 'package.json', 420, 438 ]
159 silly gunzTarPerm extractEntry README.md
160 silly gunzTarPerm modified mode [ 'README.md', 420, 438 ]
161 silly gunzTarPerm extractEntry bindings.js
162 silly gunzTarPerm modified mode [ 'bindings.js', 420, 438 ]
163 info preinstall bindings@1.0.0
164 silly install resolved []
165 verbose about to build C:\Users\martin\Workspaces\bindie\node_modules\bcrypt\node_modules\bindings
166 info build C:\Users\martin\Workspaces\bindie\node_modules\bcrypt\node_modules\bindings
167 verbose linkStuff [ false,
167 verbose linkStuff   false,
167 verbose linkStuff   false,
167 verbose linkStuff   'C:\\Users\\martin\\Workspaces\\bindie\\node_modules\\bcrypt\\node_modules' ]
168 info linkStuff bindings@1.0.0
169 verbose linkBins bindings@1.0.0
170 verbose linkMans bindings@1.0.0
171 verbose rebuildBundles bindings@1.0.0
172 info install bindings@1.0.0
173 info postinstall bindings@1.0.0
174 verbose unlock done using C:\Users\martin\AppData\Roaming\npm-cache\_locks\bindings-8c223044d0be4a03.lock for C:\Users\martin\Workspaces\bindie\node_modules\bcrypt\node_modules\bindings
175 verbose about to build C:\Users\martin\Workspaces\bindie\node_modules\bcrypt
176 info build C:\Users\martin\Workspaces\bindie\node_modules\bcrypt
177 verbose linkStuff [ false,
177 verbose linkStuff   false,
177 verbose linkStuff   false,
177 verbose linkStuff   'C:\\Users\\martin\\Workspaces\\bindie\\node_modules' ]
178 info linkStuff bcrypt@0.7.3
179 verbose linkBins bcrypt@0.7.3
180 verbose linkMans bcrypt@0.7.3
181 verbose rebuildBundles bcrypt@0.7.3
182 verbose rebuildBundles [ 'bindings' ]
183 info install bcrypt@0.7.3
184 verbose unsafe-perm in lifecycle true
185 info bcrypt@0.7.3 Failed to exec install script
186 verbose unlock done using C:\Users\martin\AppData\Roaming\npm-cache\_locks\bcrypt-396b6ba8e3122a0f.lock for C:\Users\martin\Workspaces\bindie\node_modules\bcrypt
187 verbose stack Error: bcrypt@0.7.3 install: `node-gyp rebuild`
187 verbose stack Exit status 1
187 verbose stack     at EventEmitter.<anonymous> (C:\Users\martin\.node_modules_global\node_modules\npm\lib\utils\lifecycle.js:213:16)
187 verbose stack     at emitTwo (events.js:87:13)
187 verbose stack     at EventEmitter.emit (events.js:172:7)
187 verbose stack     at ChildProcess.<anonymous> (C:\Users\martin\.node_modules_global\node_modules\npm\lib\utils\spawn.js:14:12)
187 verbose stack     at emitTwo (events.js:87:13)
187 verbose stack     at ChildProcess.emit (events.js:172:7)
187 verbose stack     at maybeClose (internal/child_process.js:818:16)
187 verbose stack     at Process.ChildProcess._handle.onexit (internal/child_process.js:211:5)
188 verbose pkgid bcrypt@0.7.3
189 verbose cwd C:\Users\martin\Workspaces\bindie
190 error Windows_NT 6.1.7601
191 error argv "C:\\nodejs\\node.exe" "C:\\Users\\martin\\.node_modules_global\\node_modules\\npm\\bin\\npm-cli.js" "install"
192 error node v4.2.3
193 error npm  v2.5.0
194 error code ELIFECYCLE
195 error bcrypt@0.7.3 install: `node-gyp rebuild`
195 error Exit status 1
196 error Failed at the bcrypt@0.7.3 install script 'node-gyp rebuild'.
196 error This is most likely a problem with the bcrypt package,
196 error not with npm itself.
196 error Tell the author that this fails on your system:
196 error     node-gyp rebuild
196 error You can get their info via:
196 error     npm owner ls bcrypt
196 error There is likely additional logging output above.
197 verbose exit [ 1, true ]
198 verbose unbuild node_modules\bcrypt
199 info preuninstall bcrypt@0.7.3
200 info uninstall bcrypt@0.7.3
201 verbose unbuild rmStuff bcrypt@0.7.3 from C:\Users\martin\Workspaces\bindie\node_modules
202 info postuninstall bcrypt@0.7.3
203 verbose gentlyRm vacuuming C:\Users\martin\Workspaces\bindie\node_modules\bcrypt
204 silly gentlyRm purging C:\Users\martin\Workspaces\bindie\node_modules\bcrypt
205 silly gentlyRm quitting because other entries in C:\Users\martin\Workspaces\bindie\node_modules
